2024-5-2 (6AM)[skb] error: Cannot read properties of undefined (reading 'filename')
2024-5-2 (6AM)[skb] error: Unexpected field
2024-5-2 (6AM)[skb] error: Unexpected field
2024-5-2 (6AM)[skb] error: Unexpected field
2024-5-2 (6AM)[skb] error: Unexpected field
2024-5-2 (6AM)[skb] error: Unexpected field
2024-5-2 (6AM)[skb] error: Cannot read properties of undefined (reading 'filename')
2024-5-2 (6AM)[skb] error: Cannot read properties of undefined (reading 'filename')
2024-5-2 (6AM)[skb] error: Unexpected field
2024-5-2 (6AM)[skb] error: Cannot read properties of undefined (reading 'filename')
2024-5-2 (6AM)[skb] error: Unexpected field
2024-5-2 (6AM)[skb] error: Cannot read properties of undefined (reading 'filename')
2024-5-2 (6AM)[skb] error: Cannot read properties of undefined (reading 'filename')
2024-5-2 (6AM)[skb] error: city validation failed: name: Name is missing, temperature: Temperature is missing
2024-5-2 (6AM)[skb] error: city validation failed: temperature: Temperature is missing, name: Name is missing
2024-5-2 (6AM)[skb] error: Unexpected field
2024-5-2 (6AM)[skb] error: Unexpected field
2024-5-2 (6AM)[skb] error: Unexpected field
2024-5-2 (6AM)[skb] error: Cannot read properties of undefined (reading 'filename')
2024-5-2 (6AM)[skb] error: Cannot read properties of undefined (reading 'filename')
2024-5-2 (6AM)[skb] error: User not created
2024-5-2 (6AM)[skb] error: User not created
2024-5-2 (6AM)[skb] error: city validation failed: temperature: Temperature is missing
2024-5-2 (6AM)[skb] error: Only .png and .jpg files are allowed!
